<?xml version="1.0" encoding="UTF-8"?>
<!-- Generated by org.testng.reporters.JUnitReportReporter -->
<testsuite skipped="0" hostname="LAPTOP-EH367H6I" name="tests.amazonTest.AmazonTest" tests="1" failures="0" timestamp="05 May 2018 07:48:24 GMT" time="48.183" errors="0">
  <testcase name="groupSetup" time="48.183" classname="tests.amazonTest.AmazonTest"/>
</testsuite> <!-- tests.amazonTest.AmazonTest -->
